<?xml version="1.0" encoding="utf-8"?>
<testsuites>
    <testsuite id="0" name="cargo test #0" package="testsuite/cargo test #0" tests="11" errors="0" failures="0" hostname="localhost" timestamp="2022-01-11T13:42:00.527327642+00:00" time="0.000089607">
        <testcase name="test_cop" classname="types::instance_type::tests" time="0.000001716" />
        <testcase name="test_csp" classname="types::instance_type::tests" time="0.00000157" />
        <testcase name="test_err" classname="types::instance_type::tests" time="0.000008028" />
        <testcase name="test_entities_merge_successive_values" classname="types::integer_domain::tests" time="0.000007322" />
        <testcase name="test_entities_sort" classname="types::integer_domain::tests" time="0.000007333" />
        <testcase name="test_entity_new_value" classname="types::integer_domain::tests" time="0.00000058" />
        <testcase name="test_entity_new_interval_wrong_domain" classname="types::integer_domain::tests" time="0.000042525" />
        <testcase name="test_entity_order" classname="types::integer_domain::tests" time="0.000001023" />
        <testcase name="test_entities_merge_successive_intervals" classname="types::integer_domain::tests" time="0.000004575" />
        <testcase name="test_entity_new_interval" classname="types::integer_domain::tests" time="0.000000693" />
        <testcase name="test_entities_merge_common_parts" classname="types::integer_domain::tests" time="0.000014242" />
    </testsuite>
    <testsuite id="1" name="cargo test #1" package="testsuite/cargo test #1" tests="2" errors="0" failures="1" hostname="localhost" timestamp="2022-01-11T13:42:00.527327642+00:00" time="0.000899536">
        <testcase name="test_extension_unary" classname="tests" time="0.00042398">
            <failure type="cargo test" message="failed tests::test_extension_unary"><![CDATA[thread 'tests::test_extension_unary' panicked at 'assertion failed: `(left == right)`
  left: `5`,
 right: `4`', tests/test_constraints_extension.rs:139:9
note: run with `RUST_BACKTRACE=1` environment variable to display a backtrace
]]></failure>
        </testcase>
        <testcase name="test_extension" classname="tests" time="0.000475556" />
    </testsuite>
</testsuites>